Determining if the pthread_create exist failed with the following output:
Change Dir: /home/zhenyu/cvminecraft/pinhole_projection/build/CMakeFiles/CMakeTmp

Run Build Command:"/usr/bin/make" "cmTC_2daed/fast"
/usr/bin/make -f CMakeFiles/cmTC_2daed.dir/build.make CMakeFiles/cmTC_2daed.dir/build
make[1]: Entering directory '/home/zhenyu/cvminecraft/pinhole_projection/build/CMakeFiles/CMakeTmp'
Building C object CMakeFiles/cmTC_2daed.dir/CheckSymbolExists.c.o
/usr/bin/cc     -o CMakeFiles/cmTC_2daed.dir/CheckSymbolExists.c.o   -c /home/zhenyu/cvminecraft/pinhole_projection/build/CMakeFiles/CMakeTmp/CheckSymbolExists.c
Linking C executable cmTC_2daed
/usr/bin/cmake -E cmake_link_script CMakeFiles/cmTC_2daed.dir/link.txt --verbose=1
/usr/bin/cc       CMakeFiles/cmTC_2daed.dir/CheckSymbolExists.c.o  -o cmTC_2daed -rdynamic 
CMakeFiles/cmTC_2daed.dir/CheckSymbolExists.c.o: In function `main':
CheckSymbolExists.c:(.text+0x16): undefined reference to `pthread_create'
collect2: error: ld returned 1 exit status
CMakeFiles/cmTC_2daed.dir/build.make:97: recipe for target 'cmTC_2daed' failed
make[1]: *** [cmTC_2daed] Error 1
make[1]: Leaving directory '/home/zhenyu/cvminecraft/pinhole_projection/build/CMakeFiles/CMakeTmp'
Makefile:126: recipe for target 'cmTC_2daed/fast' failed
make: *** [cmTC_2daed/fast] Error 2

File /home/zhenyu/cvminecraft/pinhole_projection/build/CMakeFiles/CMakeTmp/CheckSymbolExists.c:
/* */
#include <pthread.h>

int main(int argc, char** argv)
{
  (void)argv;
#ifndef pthread_create
  return ((int*)(&pthread_create))[argc];
#else
  (void)argc;
  return 0;
#endif
}

Determining if the function pthread_create exists in the pthreads failed with the following output:
Change Dir: /home/zhenyu/cvminecraft/pinhole_projection/build/CMakeFiles/CMakeTmp

Run Build Command:"/usr/bin/make" "cmTC_420ad/fast"
/usr/bin/make -f CMakeFiles/cmTC_420ad.dir/build.make CMakeFiles/cmTC_420ad.dir/build
make[1]: Entering directory '/home/zhenyu/cvminecraft/pinhole_projection/build/CMakeFiles/CMakeTmp'
Building C object CMakeFiles/cmTC_420ad.dir/CheckFunctionExists.c.o
/usr/bin/cc    -DCHECK_FUNCTION_EXISTS=pthread_create   -o CMakeFiles/cmTC_420ad.dir/CheckFunctionExists.c.o   -c /usr/share/cmake-3.5/Modules/CheckFunctionExists.c
Linking C executable cmTC_420ad
/usr/bin/cmake -E cmake_link_script CMakeFiles/cmTC_420ad.dir/link.txt --verbose=1
/usr/bin/cc   -DCHECK_FUNCTION_EXISTS=pthread_create    CMakeFiles/cmTC_420ad.dir/CheckFunctionExists.c.o  -o cmTC_420ad -rdynamic -lpthreads 
/usr/bin/ld: cannot find -lpthreads
collect2: error: ld returned 1 exit status
CMakeFiles/cmTC_420ad.dir/build.make:97: recipe for target 'cmTC_420ad' failed
make[1]: *** [cmTC_420ad] Error 1
make[1]: Leaving directory '/home/zhenyu/cvminecraft/pinhole_projection/build/CMakeFiles/CMakeTmp'
Makefile:126: recipe for target 'cmTC_420ad/fast' failed
make: *** [cmTC_420ad/fast] Error 2


