Determining if the pthread_create exist failed with the following output:
Change Dir: /home/zhenyu/cvminecraft/pose_estimation/case_2D_2D/by_g2o/build/CMakeFiles/CMakeTmp

Run Build Command:"/usr/bin/make" "cmTC_4762f/fast"
make[1]: Entering directory '/home/zhenyu/cvminecraft/pose_estimation/case_2D_2D/by_g2o/build/CMakeFiles/CMakeTmp'
/usr/bin/make -f CMakeFiles/cmTC_4762f.dir/build.make CMakeFiles/cmTC_4762f.dir/build
make[2]: Entering directory '/home/zhenyu/cvminecraft/pose_estimation/case_2D_2D/by_g2o/build/CMakeFiles/CMakeTmp'
Building C object CMakeFiles/cmTC_4762f.dir/CheckSymbolExists.c.o
/usr/bin/cc     -o CMakeFiles/cmTC_4762f.dir/CheckSymbolExists.c.o   -c /home/zhenyu/cvminecraft/pose_estimation/case_2D_2D/by_g2o/build/CMakeFiles/CMakeTmp/CheckSymbolExists.c
Linking C executable cmTC_4762f
/usr/bin/cmake -E cmake_link_script CMakeFiles/cmTC_4762f.dir/link.txt --verbose=1
/usr/bin/cc       CMakeFiles/cmTC_4762f.dir/CheckSymbolExists.c.o  -o cmTC_4762f -rdynamic 
CMakeFiles/cmTC_4762f.dir/CheckSymbolExists.c.o: In function `main':
CheckSymbolExists.c:(.text+0x16): undefined reference to `pthread_create'
collect2: error: ld returned 1 exit status
CMakeFiles/cmTC_4762f.dir/build.make:97: recipe for target 'cmTC_4762f' failed
make[2]: *** [cmTC_4762f] Error 1
make[2]: Leaving directory '/home/zhenyu/cvminecraft/pose_estimation/case_2D_2D/by_g2o/build/CMakeFiles/CMakeTmp'
Makefile:126: recipe for target 'cmTC_4762f/fast' failed
make[1]: *** [cmTC_4762f/fast] Error 2
make[1]: Leaving directory '/home/zhenyu/cvminecraft/pose_estimation/case_2D_2D/by_g2o/build/CMakeFiles/CMakeTmp'

File /home/zhenyu/cvminecraft/pose_estimation/case_2D_2D/by_g2o/build/CMakeFiles/CMakeTmp/CheckSymbolExists.c:
/* */
#include <pthread.h>

int main(int argc, char** argv)
{
  (void)argv;
#ifndef pthread_create
  return ((int*)(&pthread_create))[argc];
#else
  (void)argc;
  return 0;
#endif
}

Determining if the function pthread_create exists in the pthreads failed with the following output:
Change Dir: /home/zhenyu/cvminecraft/pose_estimation/case_2D_2D/by_g2o/build/CMakeFiles/CMakeTmp

Run Build Command:"/usr/bin/make" "cmTC_b0f81/fast"
make[1]: Entering directory '/home/zhenyu/cvminecraft/pose_estimation/case_2D_2D/by_g2o/build/CMakeFiles/CMakeTmp'
/usr/bin/make -f CMakeFiles/cmTC_b0f81.dir/build.make CMakeFiles/cmTC_b0f81.dir/build
make[2]: Entering directory '/home/zhenyu/cvminecraft/pose_estimation/case_2D_2D/by_g2o/build/CMakeFiles/CMakeTmp'
Building C object CMakeFiles/cmTC_b0f81.dir/CheckFunctionExists.c.o
/usr/bin/cc    -DCHECK_FUNCTION_EXISTS=pthread_create   -o CMakeFiles/cmTC_b0f81.dir/CheckFunctionExists.c.o   -c /usr/share/cmake-3.5/Modules/CheckFunctionExists.c
Linking C executable cmTC_b0f81
/usr/bin/cmake -E cmake_link_script CMakeFiles/cmTC_b0f81.dir/link.txt --verbose=1
/usr/bin/cc   -DCHECK_FUNCTION_EXISTS=pthread_create    CMakeFiles/cmTC_b0f81.dir/CheckFunctionExists.c.o  -o cmTC_b0f81 -rdynamic -lpthreads 
/usr/bin/ld: cannot find -lpthreads
collect2: error: ld returned 1 exit status
CMakeFiles/cmTC_b0f81.dir/build.make:97: recipe for target 'cmTC_b0f81' failed
make[2]: *** [cmTC_b0f81] Error 1
make[2]: Leaving directory '/home/zhenyu/cvminecraft/pose_estimation/case_2D_2D/by_g2o/build/CMakeFiles/CMakeTmp'
Makefile:126: recipe for target 'cmTC_b0f81/fast' failed
make[1]: *** [cmTC_b0f81/fast] Error 2
make[1]: Leaving directory '/home/zhenyu/cvminecraft/pose_estimation/case_2D_2D/by_g2o/build/CMakeFiles/CMakeTmp'


